<?xml version="1.0" encoding="UTF-8"?>
<!-- Generated by org.testng.reporters.JUnitReportReporter -->
<testsuite hostname="DESKTOP-MEL0TQP" failures="0" tests="1" name="Facebook_Login" time="21.996" errors="0" timestamp="2024-09-25T16:24:16 IST" skipped="0">
  <testcase classname="Facebook_Login" name="test" time="21.996"/>
</testsuite> <!-- Facebook_Login -->
