<?xml version="1.0" encoding="UTF-8"?>
<!-- Generated by org.testng.reporters.JUnitReportReporter -->
<testsuite hostname="DESKTOP-MEL0TQP" failures="0" tests="1" name="problem_statement_1.Problem_Statement_1" time="19.881" errors="0" timestamp="2024-09-29T15:32:32 IST" skipped="0">
  <testcase classname="problem_statement_1.Problem_Statement_1" name="test" time="19.881"/>
</testsuite> <!-- problem_statement_1.Problem_Statement_1 -->
